<?xml version="1.0" encoding="utf-8"?><testsuites name="pytest tests"><testsuite name="pytest" errors="0" failures="0" skipped="0" tests="25" time="3.715" timestamp="2026-02-02T19:46:46.421976+01:00" hostname="tranquility"><testcase classname="tests.test_clients.TestListenBrainzClient" name="test_client_initialization" time="0.157" /><testcase classname="tests.test_clients.TestListenBrainzClient" name="test_headers_with_token" time="0.039" /><testcase classname="tests.test_clients.TestListenBrainzClient" name="test_headers_without_token" time="0.032" /><testcase classname="tests.test_clients.TestListenBrainzClient" name="test_get_user_playlists" time="0.006" /><testcase classname="tests.test_clients.TestYubalClient" name="test_client_initialization" time="0.030" /><testcase classname="tests.test_clients.TestYubalClient" name="test_job_status_enum" time="0.001" /><testcase classname="tests.test_clients.TestYubalClient" name="test_health_check_success" time="0.002" /><testcase classname="tests.test_clients.TestYubalClient" name="test_health_check_failure" time="0.004" /><testcase classname="tests.test_clients.TestYTMusicResolver" name="test_resolver_initialization" time="0.002" /><testcase classname="tests.test_clients.TestYTMusicResolver" name="test_album_url_template" time="0.001" /><testcase classname="tests.test_clients.TestYTMusicResolver" name="test_names_match" time="0.002" /><testcase classname="tests.test_clients.TestYTMusicResolver" name="test_find_album_returns_none_on_no_match" time="0.002" /><testcase classname="tests.test_config" name="test_config_defaults" time="0.001" /><testcase classname="tests.test_config" name="test_config_from_environment" time="0.001" /><testcase classname="tests.test_config" name="test_config_validation" time="0.001" /><testcase classname="tests.test_config" name="test_config_validation_complete" time="0.001" /><testcase classname="tests.test_config" name="test_db_path" time="0.001" /><testcase classname="tests.test_config" name="test_get_config" time="0.001" /><testcase classname="tests.test_database" name="test_create_playlist" time="0.153" /><testcase classname="tests.test_database" name="test_create_sync_job" time="0.041" /><testcase classname="tests.test_database" name="test_create_track_match" time="0.045" /><testcase classname="tests.test_database" name="test_create_album_download" time="0.024" /><testcase classname="tests.test_database" name="test_create_mbid_mapping" time="0.019" /><testcase classname="tests.test_database" name="test_sync_status_enum" time="0.001" /><testcase classname="tests.test_database" name="test_download_status_enum" time="0.001" /></testsuite></testsuites>